<?xml version="1.0" encoding="UTF-8"?>
<testsuite name="Google search functionality" tests="1" skipped="0" failures="0" errors="0" timestamp="2023-08-20T15:19:32" hostname="Yusufs-MacBook-Pro.local" time="0.035">
  <properties/>
  <testcase name="Google search for valid char" classname="Google search functionality" time="0.035"/>
  <system-out><![CDATA[]]></system-out>
  <system-err><![CDATA[]]></system-err>
</testsuite>
